0 info it worked if it ends with ok
1 verbose cli [ 'C:\\Program Files\\nodejs\\node.exe',
1 verbose cli   'C:\\Program Files\\nodejs\\node_modules\\npm\\bin\\npm-cli.js',
1 verbose cli   'run',
1 verbose cli   'compile' ]
2 info using npm@3.10.10
3 info using node@v6.10.3
4 verbose run-script [ 'precompile', 'compile', 'postcompile' ]
5 info lifecycle my-project@1.0.0~precompile: my-project@1.0.0
6 silly lifecycle my-project@1.0.0~precompile: no script for precompile, continuing
7 info lifecycle my-project@1.0.0~compile: my-project@1.0.0
8 verbose lifecycle my-project@1.0.0~compile: unsafe-perm in lifecycle true
9 verbose lifecycle my-project@1.0.0~compile: PATH: C:\Program Files\nodejs\node_modules\npm\bin\node-gyp-bin;C:\Users\Bryan Ottho\Documents\GitHub\React-Project\node_modules\.bin;C:\Users\Bryan Ottho\AppData\Roaming\npm;C:\Program Files\nodejs\;C:\WINDOWS\system32;C:\WINDOWS;C:\WINDOWS\System32\Wbem;C:\WINDOWS\System32\WindowsPowerShell\v1.0\;C:\Program Files (x86)\NVIDIA Corporation\PhysX\Common;C:\WINDOWS\system32;C:\WINDOWS;C:\WINDOWS\System32\Wbem;C:\WINDOWS\System32\WindowsPowerShell\v1.0\;C:\Program Files (x86)\Skype\Phone\;C:\Program Files\nodejs\;C:\Users\Bryan Ottho\AppData\Local\Programs\Python\Python36\Scripts\;C:\Users\Bryan Ottho\AppData\Local\Programs\Python\Python36\;C:\Users\Bryan Ottho\AppData\Local\Microsoft\WindowsApps;C:\Users\Bryan Ottho\AppData\Local\atom\bin;C:\Users\Bryan Ottho\AppData\Local\Microsoft\WindowsApps;C:\emacs-22.3\bin;C:\Users\Bryan Ottho\AppData\Roaming\npm
10 verbose lifecycle my-project@1.0.0~compile: CWD: C:\Users\Bryan Ottho\Documents\GitHub\React-Project
11 silly lifecycle my-project@1.0.0~compile: Args: [ '/d /s /c', 'webpack' ]
12 silly lifecycle my-project@1.0.0~compile: Returned: code: 2  signal: null
13 info lifecycle my-project@1.0.0~compile: Failed to exec compile script
14 verbose stack Error: my-project@1.0.0 compile: `webpack`
14 verbose stack Exit status 2
14 verbose stack     at EventEmitter.<anonymous> (C:\Program Files\nodejs\node_modules\npm\lib\utils\lifecycle.js:255:16)
14 verbose stack     at emitTwo (events.js:106:13)
14 verbose stack     at EventEmitter.emit (events.js:191:7)
14 verbose stack     at ChildProcess.<anonymous> (C:\Program Files\nodejs\node_modules\npm\lib\utils\spawn.js:40:14)
14 verbose stack     at emitTwo (events.js:106:13)
14 verbose stack     at ChildProcess.emit (events.js:191:7)
14 verbose stack     at maybeClose (internal/child_process.js:886:16)
14 verbose stack     at Process.ChildProcess._handle.onexit (internal/child_process.js:226:5)
15 verbose pkgid my-project@1.0.0
16 verbose cwd C:\Users\Bryan Ottho\Documents\GitHub\React-Project
17 error Windows_NT 10.0.15063
18 error argv "C:\\Program Files\\nodejs\\node.exe" "C:\\Program Files\\nodejs\\node_modules\\npm\\bin\\npm-cli.js" "run" "compile"
19 error node v6.10.3
20 error npm  v3.10.10
21 error code ELIFECYCLE
22 error my-project@1.0.0 compile: `webpack`
22 error Exit status 2
23 error Failed at the my-project@1.0.0 compile script 'webpack'.
23 error Make sure you have the latest version of node.js and npm installed.
23 error If you do, this is most likely a problem with the my-project package,
23 error not with npm itself.
23 error Tell the author that this fails on your system:
23 error     webpack
23 error You can get information on how to open an issue for this project with:
23 error     npm bugs my-project
23 error Or if that isn't available, you can get their info via:
23 error     npm owner ls my-project
23 error There is likely additional logging output above.
24 verbose exit [ 1, true ]
